============================================================
=== TextConformer QAT (FakeQuantize + MarginLoss) ===
============================================================
Device: cuda
QAT Model loaded (base val_acc: 0.9871)
train_textconformer_qat.py:110: UserWarning: To copy construct from a tensor, it is recommended to use sourceTensor.clone().detach() or sourceTensor.clone().detach().requires_grad_(True), rather than torch.tensor(sourceTensor).
  labels = torch.tensor(batch["label"]).to(device)
train_textconformer_qat.py:139: UserWarning: To copy construct from a tensor, it is recommended to use sourceTensor.clone().detach() or sourceTensor.clone().detach().requires_grad_(True), rather than torch.tensor(sourceTensor).
  labels = torch.tensor(batch["label"]).to(device)
QAT Epoch 1/20 | loss=0.0045 | train=0.9976 | val=0.9866
  → Saved QAT best (val_acc=0.9866)
QAT Epoch 2/20 | loss=0.0036 | train=0.9977 | val=0.9866
QAT Epoch 3/20 | loss=0.0039 | train=0.9980 | val=0.9866
QAT Epoch 4/20 | loss=0.0036 | train=0.9976 | val=0.9857
QAT Epoch 5/20 | loss=0.0040 | train=0.9976 | val=0.9866
QAT Epoch 6/20 | loss=0.0039 | train=0.9978 | val=0.9866
QAT Epoch 7/20 | loss=0.0035 | train=0.9981 | val=0.9866
QAT Epoch 8/20 | loss=0.0035 | train=0.9982 | val=0.9866
QAT Epoch 9/20 | loss=0.0034 | train=0.9976 | val=0.9866
QAT Epoch 10/20 | loss=0.0034 | train=0.9977 | val=0.9866
QAT Epoch 11/20 | loss=0.0033 | train=0.9978 | val=0.9871
  → Saved QAT best (val_acc=0.9871)
QAT Epoch 12/20 | loss=0.0038 | train=0.9977 | val=0.9852
QAT Epoch 13/20 | loss=0.0035 | train=0.9979 | val=0.9857
QAT Epoch 14/20 | loss=0.0036 | train=0.9979 | val=0.9866
QAT Epoch 15/20 | loss=0.0034 | train=0.9981 | val=0.9866
QAT Epoch 16/20 | loss=0.0033 | train=0.9978 | val=0.9866
QAT Epoch 17/20 | loss=0.0033 | train=0.9977 | val=0.9862
QAT Epoch 18/20 | loss=0.0035 | train=0.9981 | val=0.9862
QAT Epoch 19/20 | loss=0.0035 | train=0.9980 | val=0.9857
QAT Epoch 20/20 | loss=0.0033 | train=0.9977 | val=0.9852

QAT Best val_acc: 0.9871
